[10May2025 00:04:06.114] [Server thread/INFO] [net.minecraft.server.network.ServerGamePacketListenerImpl/]: bazoka33 lost connection: Disconnected
[10May2025 00:04:06.116] [Server thread/INFO] [net.minecraft.server.MinecraftServer/]: bazoka33 left the game
[10May2025 00:04:12.223] [Server thread/INFO] [net.minecraft.server.players.PlayerList/]: bazoka33[/127.180.216.32:35893] logged in with entity id 40375 at (156.4136569886506, 102.0, -77.30584120811498)
[10May2025 00:04:12.226] [Server thread/INFO] [net.minecraft.server.MinecraftServer/]: bazoka33 joined the game
[10May2025 00:05:25.213] [Server thread/INFO] [net.minecraft.server.network.ServerGamePacketListenerImpl/]: bazoka33 lost connection: Disconnected
[10May2025 00:05:25.213] [Server thread/INFO] [net.minecraft.server.MinecraftServer/]: bazoka33 left the game
[10May2025 00:05:27.413] [Server thread/INFO] [net.minecraft.server.network.ServerGamePacketListenerImpl/]: DesmondMX lost connection: Disconnected
[10May2025 00:05:27.413] [Server thread/INFO] [net.minecraft.server.MinecraftServer/]: DesmondMX left the game
[10May2025 00:06:06.658] [Server thread/INFO] [net.minecraft.server.MinecraftServer/]: Unknown or incomplete command, see below for error
[10May2025 00:06:06.659] [Server thread/INFO] [net.minecraft.server.MinecraftServer/]: wstop<--[HERE]
[10May2025 00:06:09.609] [Server thread/INFO] [net.minecraft.server.MinecraftServer/]: Stopping the server
[10May2025 00:06:09.658] [Server thread/INFO] [net.minecraft.server.MinecraftServer/]: Stopping server
[10May2025 00:06:09.659] [Server thread/INFO] [net.minecraft.server.MinecraftServer/]: Saving players
[10May2025 00:06:09.659] [Server thread/INFO] [net.minecraft.server.MinecraftServer/]: Saving worlds
[10May2025 00:06:09.796] [Server thread/INFO] [net.minecraft.server.MinecraftServer/]: Saving chunks for level 'ServerLevel[world]'/minecraft:overworld
[10May2025 00:06:10.285] [Server thread/INFO] [net.minecraft.server.MinecraftServer/]: Saving chunks for level 'ServerLevel[world]'/minecraft:the_end
[10May2025 00:06:10.286] [Server thread/INFO] [net.minecraft.server.MinecraftServer/]: Saving chunks for level 'ServerLevel[world]'/twilightforest:twilight_forest
[10May2025 00:06:10.287] [Server thread/INFO] [net.minecraft.server.MinecraftServer/]: Saving chunks for level 'ServerLevel[world]'/minecraft:the_nether
[10May2025 00:06:10.308] [Server thread/INFO] [net.minecraft.server.MinecraftServer/]: ThreadedAnvilChunkStorage (world): All chunks are saved
[10May2025 00:06:10.308] [Server thread/INFO] [net.minecraft.server.MinecraftServer/]: ThreadedAnvilChunkStorage (DIM1): All chunks are saved
[10May2025 00:06:10.308] [Server thread/INFO] [net.minecraft.server.MinecraftServer/]: ThreadedAnvilChunkStorage (twilight_forest): All chunks are saved
[10May2025 00:06:10.308] [Server thread/INFO] [net.minecraft.server.MinecraftServer/]: ThreadedAnvilChunkStorage (DIM-1): All chunks are saved
[10May2025 00:06:10.308] [Server thread/INFO] [net.minecraft.server.MinecraftServer/]: ThreadedAnvilChunkStorage: All dimensions are saved
[10May2025 00:06:10.358] [Server thread/INFO] [Framework/]: Unloading server configs...
[10May2025 00:06:10.360] [Server thread/INFO] [Framework/]: Sending config unload event for refurbished_furniture.server.toml
[10May2025 00:06:10.361] [Server thread/INFO] [Framework/]: Finished unloading server configs
